2024-12-13 18:04:47,524 - ERROR - Erreur lors de l'importation : [Errno 2] No such file or directory: '../netflix_titles.csv'
2024-12-13 18:05:16,412 - INFO - Fichier CSV chargé avec succès.
2024-12-13 18:05:16,420 - INFO - Prétraitement des données effectué avec succès.
2024-12-13 18:05:16,420 - INFO - Insertion dans MoviesAndShows...
2024-12-13 18:05:16,654 - INFO - Données insérées dans MoviesAndShows.
2024-12-13 18:05:16,654 - INFO - Insertion dans Directors...
2024-12-13 18:05:16,694 - ERROR - Erreur lors de l'importation : (cx_Oracle.DatabaseError) ORA-00904: "SHOW_ID" : identificateur non valide
[SQL: INSERT INTO "Directors" (show_id, name) VALUES (:show_id, :name)]
[parameters: [{'show_id': 1, 'name': 'Kirsten Johnson'}, {'show_id': 3, 'name': 'Julien Leclercq'}, {'show_id': 6, 'name': 'Mike Flanagan'}, {'show_id': 7, 'name': 'Robert Cullen'}, {'show_id': 7, 'name': ' José Luis Ucha'}, {'show_id': 8, 'name': 'Haile Gerima'}, {'show_id': 9, 'name': 'Andy Devonshire'}, {'show_id': 10, 'name': 'Theodore Melfi'}  ... displaying 10 of 6978 total bound parameter sets ...  {'show_id': 8806, 'name': 'Peter Hewitt'}, {'show_id': 8807, 'name': 'Mozez Singh'}]]
(Background on this error at: https://sqlalche.me/e/20/4xp6)
2024-12-13 18:08:56,474 - INFO - Fichier CSV chargé avec succès.
2024-12-13 18:08:56,479 - INFO - Prétraitement des données effectué avec succès.
2024-12-13 18:08:56,479 - INFO - Insertion dans MoviesAndShows...
2024-12-13 18:08:56,695 - INFO - Données insérées dans MoviesAndShows.
2024-12-13 18:08:56,695 - INFO - Insertion dans Directors...
2024-12-13 18:13:27,454 - INFO - Chargement du fichier netflix_titles.csv...
2024-12-13 18:13:27,489 - INFO - Fichier CSV chargé avec succès.
2024-12-13 18:13:27,500 - INFO - Premières lignes des données :
  show_id     type  ...                                          listed_in                                        description
0      s1    Movie  ...                                      Documentaries  As her father nears the end of his life, filmm...
1      s2  TV Show  ...    International TV Shows, TV Dramas, TV Mysteries  After crossing paths at a party, a Cape Town t...
2      s3  TV Show  ...  Crime TV Shows, International TV Shows, TV Act...  To protect his family from a powerful drug lor...
3      s4  TV Show  ...                             Docuseries, Reality TV  Feuds, flirtations and toilet talk go down amo...
4      s5  TV Show  ...  International TV Shows, Romantic TV Shows, TV ...  In a city of coaching centers known to train I...

[5 rows x 12 columns]
2024-12-13 18:13:27,500 - INFO - Prétraitement des données...
2024-12-13 18:13:27,506 - INFO - Prétraitement terminé.
2024-12-13 18:13:27,506 - INFO - Insertion dans MoviesAndShows...
2024-12-13 18:13:27,522 - INFO - Données MoviesAndShows générées :
   show_id                  title     type  release_year
0        1   Dick Johnson Is Dead    Movie          2020
1        2          Blood & Water  TV Show          2021
2        3              Ganglands  TV Show          2021
3        4  Jailbirds New Orleans  TV Show          2021
4        5           Kota Factory  TV Show          2021
2024-12-13 18:13:27,763 - INFO - Données insérées dans MoviesAndShows.
2024-12-13 18:13:27,765 - INFO - Insertion dans Countries...
2024-12-13 18:13:27,772 - INFO - Données Countries générées :
   country_id                                               name
0           1                                      United States
1           2                                       South Africa
2           3                                            Unknown
3           4                                              India
4           5  United States, Ghana, Burkina Faso, United Kin...
2024-12-13 18:13:27,779 - ERROR - Erreur lors de l'importation : (cx_Oracle.DatabaseError) ORA-00904: "NAME" : identificateur non valide
[SQL: INSERT INTO "Countries" (country_id, name) VALUES (:country_id, :name)]
[parameters: [{'country_id': 1, 'name': 'United States'}, {'country_id': 2, 'name': 'South Africa'}, {'country_id': 3, 'name': 'Unknown'}, {'country_id': 4, 'name': 'India'}, {'country_id': 5, 'name': 'United States, Ghana, Burkina Faso, United Kingdom, Germany, Ethiopia'}, {'country_id': 6, 'name': 'United Kingdom'}, {'country_id': 7, 'name': 'Germany, Czech Republic'}, {'country_id': 8, 'name': 'Mexico'}  ... displaying 10 of 749 total bound parameter sets ...  {'country_id': 748, 'name': 'United States, France, South Korea, Indonesia'}, {'country_id': 749, 'name': 'United Arab Emirates, Jordan'}]]
(Background on this error at: https://sqlalche.me/e/20/4xp6)
2024-12-13 18:21:40,976 - INFO - Chargement du fichier netflix_titles.csv...
2024-12-13 18:21:41,013 - INFO - Fichier CSV chargé avec succès.
2024-12-13 18:21:41,020 - INFO - Premières lignes des données :
  show_id     type  ...                                          listed_in                                        description
0      s1    Movie  ...                                      Documentaries  As her father nears the end of his life, filmm...
1      s2  TV Show  ...    International TV Shows, TV Dramas, TV Mysteries  After crossing paths at a party, a Cape Town t...
2      s3  TV Show  ...  Crime TV Shows, International TV Shows, TV Act...  To protect his family from a powerful drug lor...
3      s4  TV Show  ...                             Docuseries, Reality TV  Feuds, flirtations and toilet talk go down amo...
4      s5  TV Show  ...  International TV Shows, Romantic TV Shows, TV ...  In a city of coaching centers known to train I...

[5 rows x 12 columns]
2024-12-13 18:21:41,020 - INFO - Prétraitement des données...
2024-12-13 18:21:41,026 - INFO - Prétraitement terminé.
2024-12-13 18:21:41,027 - INFO - Insertion dans MoviesAndShows...
2024-12-13 18:21:41,038 - INFO - Données MoviesAndShows générées :
   show_id                  title     type  release_year
0        1   Dick Johnson Is Dead    Movie          2020
1        2          Blood & Water  TV Show          2021
2        3              Ganglands  TV Show          2021
3        4  Jailbirds New Orleans  TV Show          2021
4        5           Kota Factory  TV Show          2021
2024-12-13 18:21:41,299 - INFO - Données insérées dans MoviesAndShows.
2024-12-13 18:21:41,300 - INFO - Insertion dans Countries...
2024-12-13 18:21:41,307 - INFO - Données Countries générées :
   country_id           name
0           1  United States
1           2   South Africa
2           3        Unknown
3           4          India
4           5          Ghana
2024-12-13 18:21:41,312 - ERROR - Erreur lors de l'importation : (cx_Oracle.DatabaseError) ORA-00904: "NAME" : identificateur non valide
[SQL: INSERT INTO "Countries" (country_id, name) VALUES (:country_id, :name)]
[parameters: [{'country_id': 1, 'name': 'United States'}, {'country_id': 2, 'name': 'South Africa'}, {'country_id': 3, 'name': 'Unknown'}, {'country_id': 4, 'name': 'India'}, {'country_id': 5, 'name': 'Ghana'}, {'country_id': 6, 'name': 'Burkina Faso'}, {'country_id': 7, 'name': 'United Kingdom'}, {'country_id': 8, 'name': 'Germany'}  ... displaying 10 of 124 total bound parameter sets ...  {'country_id': 123, 'name': 'East Germany'}, {'country_id': 124, 'name': 'Montenegro'}]]
(Background on this error at: https://sqlalche.me/e/20/4xp6)
2024-12-13 18:29:43,558 - INFO - Chargement du fichier netflix_titles.csv...
2024-12-13 18:29:43,593 - INFO - Fichier CSV chargé avec succès.
2024-12-13 18:29:43,600 - INFO - Premières lignes des données :
  show_id     type  ...                                          listed_in                                        description
0      s1    Movie  ...                                      Documentaries  As her father nears the end of his life, filmm...
1      s2  TV Show  ...    International TV Shows, TV Dramas, TV Mysteries  After crossing paths at a party, a Cape Town t...
2      s3  TV Show  ...  Crime TV Shows, International TV Shows, TV Act...  To protect his family from a powerful drug lor...
3      s4  TV Show  ...                             Docuseries, Reality TV  Feuds, flirtations and toilet talk go down amo...
4      s5  TV Show  ...  International TV Shows, Romantic TV Shows, TV ...  In a city of coaching centers known to train I...

[5 rows x 12 columns]
2024-12-13 18:29:43,600 - INFO - Prétraitement des données...
2024-12-13 18:29:43,607 - INFO - Prétraitement terminé.
2024-12-13 18:29:43,607 - INFO - Insertion dans MoviesAndShows...
2024-12-13 18:29:43,621 - INFO - Données MoviesAndShows générées :
   show_id                  title     type  release_year
0        1   Dick Johnson Is Dead    Movie          2020
1        2          Blood & Water  TV Show          2021
2        3              Ganglands  TV Show          2021
3        4  Jailbirds New Orleans  TV Show          2021
4        5           Kota Factory  TV Show          2021
2024-12-13 18:29:43,881 - INFO - Données insérées dans MOVIESANDSHOWS.
2024-12-13 18:29:43,882 - INFO - Insertion dans Countries...
2024-12-13 18:29:43,888 - INFO - Données Countries générées :
   COUNTRY_ID           NAME
0           1  United States
1           2   South Africa
2           3        Unknown
3           4          India
4           5          Ghana
2024-12-13 18:29:43,907 - INFO - Données insérées dans COUNTRIES.
2024-12-13 18:29:43,907 - INFO - Insertion dans Directors...
2024-12-13 18:29:43,920 - INFO - Données Directors générées :
   DIRECTOR_ID             NAME
0            1  Kirsten Johnson
1            2          Unknown
2            3  Julien Leclercq
3            4    Mike Flanagan
4            5    Robert Cullen
2024-12-13 18:29:43,983 - INFO - Données insérées dans DIRECTORS.
2024-12-13 18:29:43,983 - INFO - Insertion dans Cast...
2024-12-13 18:29:44,050 - INFO - Données Cast générées :
   CAST_ID            NAME
0        1         Unknown
1        2      Ama Qamata
2        3     Khosi Ngema
3        4   Gail Mabalane
4        5  Thabang Molaba
2024-12-13 18:29:44,383 - INFO - Données insérées dans CAST.
2024-12-13 18:29:44,383 - INFO - Insertion dans Genres...
2024-12-13 18:29:44,389 - INFO - Données Genres générées :
   GENRE_ID                    NAME
0         1           Documentaries
1         2  International TV Shows
2         3               TV Dramas
3         4            TV Mysteries
4         5          Crime TV Shows
2024-12-13 18:29:44,413 - INFO - Données insérées dans GENRES.
2024-12-13 18:29:44,414 - INFO - Importation terminée avec succès.
2024-12-13 18:39:37,422 - INFO - Chargement du fichier netflix_titles.csv...
2024-12-13 18:39:37,462 - INFO - Fichier CSV chargé avec succès.
2024-12-13 18:39:37,473 - INFO - Premières lignes des données :
  show_id     type  ...                                          listed_in                                        description
0      s1    Movie  ...                                      Documentaries  As her father nears the end of his life, filmm...
1      s2  TV Show  ...    International TV Shows, TV Dramas, TV Mysteries  After crossing paths at a party, a Cape Town t...
2      s3  TV Show  ...  Crime TV Shows, International TV Shows, TV Act...  To protect his family from a powerful drug lor...
3      s4  TV Show  ...                             Docuseries, Reality TV  Feuds, flirtations and toilet talk go down amo...
4      s5  TV Show  ...  International TV Shows, Romantic TV Shows, TV ...  In a city of coaching centers known to train I...

[5 rows x 12 columns]
2024-12-13 18:39:37,473 - INFO - Prétraitement des données...
2024-12-13 18:39:37,479 - INFO - Prétraitement terminé.
2024-12-13 18:39:37,479 - INFO - Insertion dans MoviesAndShows...
2024-12-13 18:39:37,494 - INFO - Données MoviesAndShows générées :
   show_id                  title     type  release_year
0        1   Dick Johnson Is Dead    Movie          2020
1        2          Blood & Water  TV Show          2021
2        3              Ganglands  TV Show          2021
3        4  Jailbirds New Orleans  TV Show          2021
4        5           Kota Factory  TV Show          2021
2024-12-13 18:39:37,736 - INFO - Données insérées dans MOVIESANDSHOWS.
2024-12-13 18:39:37,736 - INFO - Insertion dans Countries...
2024-12-13 18:39:37,745 - INFO - Données Countries générées :
   COUNTRY_ID           NAME
0           1  United States
1           2   South Africa
2           3        Unknown
3           4          India
4           5          Ghana
2024-12-13 18:39:37,758 - INFO - Données insérées dans COUNTRIES.
2024-12-13 18:39:37,758 - INFO - Insertion dans Directors...
2024-12-13 18:39:37,771 - INFO - Données Directors générées :
   DIRECTOR_ID             NAME
0            1  Kirsten Johnson
1            2          Unknown
2            3  Julien Leclercq
3            4    Mike Flanagan
4            5    Robert Cullen
2024-12-13 18:39:37,837 - INFO - Données insérées dans DIRECTORS.
2024-12-13 18:39:37,837 - INFO - Insertion dans Cast...
2024-12-13 18:39:37,900 - INFO - Données Cast générées :
   CAST_ID            NAME
0        1         Unknown
1        2      Ama Qamata
2        3     Khosi Ngema
3        4   Gail Mabalane
4        5  Thabang Molaba
2024-12-13 18:39:38,290 - INFO - Données insérées dans CAST.
2024-12-13 18:39:38,290 - INFO - Insertion dans Genres...
2024-12-13 18:39:38,297 - INFO - Données Genres générées :
   GENRE_ID                    NAME
0         1           Documentaries
1         2  International TV Shows
2         3               TV Dramas
3         4            TV Mysteries
4         5          Crime TV Shows
2024-12-13 18:39:38,318 - INFO - Données insérées dans GENRES.
2024-12-13 18:39:38,319 - INFO - Insertion dans MoviesCountries...
2024-12-13 18:39:38,342 - INFO - Données MoviesCountries générées :
   movie_id  country_id
0         1           1
1         2           2
2         3           3
3         4           3
4         5           4
2024-12-13 18:39:38,387 - INFO - Données insérées dans MoviesCountries.
2024-12-13 18:39:38,387 - INFO - Insertion dans MoviesGenres...
2024-12-13 18:39:38,866 - INFO - Données MoviesGenres générées :
   movie_id  genre_id
0         1         1
1         1        36
2         1       105
3         1       131
4         1       138
2024-12-13 18:39:45,482 - INFO - Données insérées dans MoviesGenres.
2024-12-13 18:39:45,482 - INFO - Insertion dans MoviesDirectors...
2024-12-13 18:39:45,498 - INFO - Données MoviesDirectors générées :
   movie_id  director_id
0         1            1
1         2            2
2         3            3
3         4            2
4         5            2
2024-12-13 18:39:45,549 - INFO - Données insérées dans MoviesDirectors.
2024-12-13 18:39:45,549 - INFO - Insertion dans MoviesCast...
2024-12-13 18:39:45,716 - INFO - Données MoviesCast générées :
   movie_id  cast_id
0         1        1
1         2        2
2         2        3
3         2        4
4         2        5
2024-12-13 18:39:47,452 - INFO - Données insérées dans MoviesCast.
2024-12-13 18:39:47,453 - INFO - Importation terminée avec succès.
